<?xml version="1.0" encoding="UTF-8"?>
<!-- Generated by org.testng.reporters.JUnitReportReporter -->
<testsuite hostname="L10ASO-PF0WLE4Y" name="jetblueScenarious.Test3" tests="2" failures="0" timestamp="1 Feb 2021 04:43:04 GMT" time="3.500" errors="0">
  <testcase name="Addstation" time="0.509" classname="jetblueScenarious.Test3"/>
  <testcase name="Addstation" time="2.991" classname="jetblueScenarious.Test3"/>
</testsuite> <!-- jetblueScenarious.Test3 -->
