<?xml version="1.0" encoding="UTF-8"?>
<!-- Generated by org.testng.reporters.JUnitReportReporter -->
<testsuite hostname="L10ASO-PF0WLE4Y" name="jetblueScenarious.deletestationAPI" tests="1" failures="0" timestamp="1 Feb 2021 17:23:21 GMT" time="0.745" errors="0">
  <testcase name="deletestation" time="0.745" classname="jetblueScenarious.deletestationAPI"/>
</testsuite> <!-- jetblueScenarious.deletestationAPI -->
