<?xml version="1.0" encoding="UTF-8"?>
<!-- Generated by org.testng.reporters.JUnitReportReporter -->
<testsuite hostname="L10ASO-PF0WLE4Y" name="jetblueScenarious.Test2" tests="5" failures="0" timestamp="1 Feb 2021 08:48:35 GMT" time="25.626" errors="0">
  <testcase name="lunchgetblue" time="10.790" classname="jetblueScenarious.Test2"/>
  <testcase name="selectcategoryandproduct" time="6.561" classname="jetblueScenarious.Test2"/>
  <testcase name="loginintoapp" time="6.047" classname="jetblueScenarious.Test2"/>
  <testcase name="verifyaddtocardproduct" time="2.146" classname="jetblueScenarious.Test2"/>
  <testcase name="additemtocart" time="0.082" classname="jetblueScenarious.Test2"/>
</testsuite> <!-- jetblueScenarious.Test2 -->
