<?xml version="1.0" encoding="UTF-8"?>
<!-- Generated by org.testng.reporters.JUnitReportReporter -->
<testsuite hostname="L10ASO-PF0WLE4Y" name="jetblueScenarious.Test6" tests="1" failures="0" timestamp="1 Feb 2021 04:43:04 GMT" time="0.984" errors="0">
  <testcase name="getdeletedstationinfo" time="0.984" classname="jetblueScenarious.Test6"/>
</testsuite> <!-- jetblueScenarious.Test6 -->
