<?xml version="1.0" encoding="UTF-8"?>
<!-- Generated by org.testng.reporters.JUnitReportReporter -->
<testsuite hostname="L10ASO-PF0WLE4Y" name="jetblueScenarious.delete" tests="1" failures="0" timestamp="1 Feb 2021 04:15:08 GMT" time="2.571" errors="0">
  <testcase name="deletestation" time="2.571" classname="jetblueScenarious.delete"/>
</testsuite> <!-- jetblueScenarious.delete -->
