<?xml version="1.0" encoding="UTF-8"?>
<!-- Generated by org.testng.reporters.JUnitReportReporter -->
<testsuite hostname="L10ASO-PF0WLE4Y" name="jetblueScenarious.getstationinfoAPI" tests="1" failures="0" timestamp="1 Feb 2021 17:23:21 GMT" time="0.500" errors="0">
  <testcase name="getstationinfo" time="0.500" classname="jetblueScenarious.getstationinfoAPI"/>
</testsuite> <!-- jetblueScenarious.getstationinfoAPI -->
