<?xml version="1.0" encoding="UTF-8"?>
<!-- Generated by org.testng.reporters.JUnitReportReporter -->
<testsuite hostname="L10ASO-PF0WLE4Y" name="jetblueScenarious.Test7" tests="1" failures="0" timestamp="1 Feb 2021 04:43:04 GMT" time="0.442" errors="0">
  <testcase name="addbookmutipletime" time="0.442" classname="jetblueScenarious.Test7"/>
</testsuite> <!-- jetblueScenarious.Test7 -->
