<?xml version="1.0" encoding="UTF-8"?>
<!-- Generated by org.testng.reporters.JUnitReportReporter -->
<testsuite hostname="L10ASO-PF0WLE4Y" name="jetblueScenarious.Test4" tests="1" failures="0" timestamp="1 Feb 2021 04:43:04 GMT" time="0.729" errors="0">
  <testcase name="getstationinfo" time="0.729" classname="jetblueScenarious.Test4"/>
</testsuite> <!-- jetblueScenarious.Test4 -->
