<?xml version="1.0" encoding="UTF-8"?>
<!-- Generated by org.testng.reporters.JUnitReportReporter -->
<testsuite hostname="L10ASO-PF0WLE4Y" name="jetblueScenarious.Test1" tests="1" failures="0" timestamp="30 Jan 2021 11:35:14 GMT" time="30.498" errors="0">
  <testcase name="lunchgetblue" time="30.498" classname="jetblueScenarious.Test1"/>
</testsuite> <!-- jetblueScenarious.Test1 -->
