<?xml version="1.0" encoding="UTF-8"?>
<!-- Generated by org.testng.reporters.JUnitReportReporter -->
<testsuite hostname="L10ASO-PF0WLE4Y" name="jetblueScenarious.InvalidAPIkey" tests="1" failures="0" timestamp="1 Feb 2021 17:23:21 GMT" time="0.310" errors="0">
  <testcase name="invalisdapikey" time="0.310" classname="jetblueScenarious.InvalidAPIkey"/>
</testsuite> <!-- jetblueScenarious.InvalidAPIkey -->
