<?xml version="1.0" encoding="UTF-8"?>
<!-- Generated by org.testng.reporters.JUnitReportReporter -->
<testsuite hostname="L10ASO-PF0WLE4Y" name="jetblueScenarious.getdeletedstationinfoAPI" tests="1" failures="0" timestamp="1 Feb 2021 17:23:21 GMT" time="0.888" errors="0">
  <testcase name="getdeletedstationinfo" time="0.888" classname="jetblueScenarious.getdeletedstationinfoAPI"/>
</testsuite> <!-- jetblueScenarious.getdeletedstationinfoAPI -->
