<?xml version="1.0" encoding="UTF-8"?>
<!-- Generated by org.testng.reporters.JUnitReportReporter -->
<testsuite hostname="L10ASO-PF0WLE4Y" name="jetblueScenarious.AddstationAPI" tests="2" failures="0" timestamp="1 Feb 2021 17:23:21 GMT" time="3.377" errors="0">
  <testcase name="Addstation" time="2.993" classname="jetblueScenarious.AddstationAPI"/>
  <testcase name="Addstation" time="0.384" classname="jetblueScenarious.AddstationAPI"/>
</testsuite> <!-- jetblueScenarious.AddstationAPI -->
